0 info it worked if it ends with ok
1 verbose cli [ '/usr/local/bin/node', '/usr/local/bin/npm', 'publish' ]
2 info using npm@3.9.6
3 info using node@v6.7.0
4 verbose publish [ '.' ]
5 silly cache add args [ '.', null ]
6 verbose cache add spec .
7 silly cache add parsed spec Result {
7 silly cache add   raw: '.',
7 silly cache add   scope: null,
7 silly cache add   name: null,
7 silly cache add   rawSpec: '.',
7 silly cache add   spec: '/Users/nc/work/wires/universal-dom',
7 silly cache add   type: 'directory' }
8 verbose addLocalDirectory /Users/nc/.npm/universal-dom/1.0.6/package.tgz not in flight; packing
9 verbose correctMkdir /Users/nc/.npm correctMkdir not in flight; initializing
10 info lifecycle universal-dom@1.0.6~prepublish: universal-dom@1.0.6
11 silly lifecycle universal-dom@1.0.6~prepublish: no script for prepublish, continuing
12 verbose tar pack [ '/Users/nc/.npm/universal-dom/1.0.6/package.tgz',
12 verbose tar pack   '/Users/nc/work/wires/universal-dom' ]
13 verbose tarball /Users/nc/.npm/universal-dom/1.0.6/package.tgz
14 verbose folder /Users/nc/work/wires/universal-dom
15 verbose addLocalTarball adding from inside cache /Users/nc/.npm/universal-dom/1.0.6/package.tgz
16 verbose correctMkdir /Users/nc/.npm correctMkdir not in flight; initializing
17 silly cache afterAdd universal-dom@1.0.6
18 verbose afterAdd /Users/nc/.npm/universal-dom/1.0.6/package/package.json not in flight; writing
19 verbose correctMkdir /Users/nc/.npm correctMkdir not in flight; initializing
20 verbose afterAdd /Users/nc/.npm/universal-dom/1.0.6/package/package.json written
21 silly publish { name: 'universal-dom',
21 silly publish   version: '1.0.6',
21 silly publish   description: 'Hello!',
21 silly publish   typings: './dist/typings/index.d.ts',
21 silly publish   main: 'dist/commonjs/index.js',
21 silly publish   directories: { test: 'test', packages: 'jspm_packages' },
21 silly publish   dependencies: {},
21 silly publish   devDependencies:
21 silly publish    { 'babel-plugin-nofn': '0.0.3',
21 silly publish      gulp: '^3.9.1',
21 silly publish      'gulp-babel': '^6.1.2',
21 silly publish      'gulp-browserify': '^0.5.1',
21 silly publish      'gulp-concat': '^2.6.0',
21 silly publish      'gulp-jspm': '^0.5.13',
21 silly publish      'gulp-rename': '^1.2.2',
21 silly publish      'gulp-replace': '^0.5.4',
21 silly publish      'gulp-sourcemaps': '^1.6.0',
21 silly publish      'gulp-typescript': '^3.0.1',
21 silly publish      'gulp-uglify': '^2.0.0',
21 silly publish      mocha: '^3.0.2',
21 silly publish      'mocha-phantomjs': '^4.1.0',
21 silly publish      'run-sequence': '^1.2.2',
21 silly publish      should: '^11.1.0',
21 silly publish      typescript: '^2.0.3',
21 silly publish      'webpack-stream': '^3.2.0' },
21 silly publish   scripts: { test: 'gulp test-build; ./test.sh' },
21 silly publish   repository:
21 silly publish    { type: 'git',
21 silly publish      url: 'git+ssh://git@github.com/wiresjs/universal-dom.git' },
21 silly publish   author: '',
21 silly publish   license: 'ISC',
21 silly publish   homepage: 'https://github.com/wiresjs/universal-dom/#readme',
21 silly publish   jspm:
21 silly publish    { directories: { test: 'test' },
21 silly publish      dependencies: {},
21 silly publish      devDependencies: {} },
21 silly publish   readme: '[![Build Status](https://travis-ci.org/wiresjs/universal-dom.svg?branch=master)](https://travis-ci.org/wiresjs/universal-dom)\n# Universal dom\n',
21 silly publish   readmeFilename: 'README.md',
21 silly publish   gitHead: '46edcdeaf424df3e4b95081bf216d4625dc1cce3',
21 silly publish   bugs: { url: 'https://github.com/wiresjs/universal-dom/issues' },
21 silly publish   _id: 'universal-dom@1.0.6',
21 silly publish   _shasum: '014148be89239c449746ac8d82f6d5671cfaa3cc',
21 silly publish   _from: '.' }
22 verbose getPublishConfig undefined
23 silly mapToRegistry name universal-dom
24 silly mapToRegistry using default registry
25 silly mapToRegistry registry https://registry.npmjs.org/
26 silly mapToRegistry data Result {
26 silly mapToRegistry   raw: 'universal-dom',
26 silly mapToRegistry   scope: null,
26 silly mapToRegistry   name: 'universal-dom',
26 silly mapToRegistry   rawSpec: '',
26 silly mapToRegistry   spec: 'latest',
26 silly mapToRegistry   type: 'tag' }
27 silly mapToRegistry uri https://registry.npmjs.org/universal-dom
28 verbose publish registryBase https://registry.npmjs.org/
29 silly publish uploading /Users/nc/.npm/universal-dom/1.0.6/package.tgz
30 verbose request uri https://registry.npmjs.org/universal-dom
31 verbose request sending authorization for write operation
32 info attempt registry request try #1 at 4:12:14 PM
33 verbose request id f5376711a3052cc7
34 http request PUT https://registry.npmjs.org/universal-dom
35 http 403 https://registry.npmjs.org/universal-dom
36 verbose headers { 'content-type': 'application/json',
36 verbose headers   'cache-control': 'max-age=300',
36 verbose headers   'content-length': '95',
36 verbose headers   'accept-ranges': 'bytes',
36 verbose headers   date: 'Tue, 11 Oct 2016 13:12:15 GMT',
36 verbose headers   via: '1.1 varnish',
36 verbose headers   connection: 'keep-alive',
36 verbose headers   'x-served-by': 'cache-fra1237-FRA',
36 verbose headers   'x-cache': 'MISS',
36 verbose headers   'x-cache-hits': '0',
36 verbose headers   'x-timer': 'S1476191534.661782,VS0,VE1270',
36 verbose headers   vary: 'Accept-Encoding' }
37 verbose request invalidating /Users/nc/.npm/registry.npmjs.org/universal-dom on PUT
38 error publish Failed PUT 403
39 verbose stack Error: "You cannot publish over the previously published version 1.0.6." : universal-dom
39 verbose stack     at makeError (/usr/local/lib/node_modules/npm/node_modules/npm-registry-client/lib/request.js:264:12)
39 verbose stack     at CachingRegistryClient.<anonymous> (/usr/local/lib/node_modules/npm/node_modules/npm-registry-client/lib/request.js:252:14)
39 verbose stack     at Request._callback (/usr/local/lib/node_modules/npm/node_modules/npm-registry-client/lib/request.js:172:14)
39 verbose stack     at Request.self.callback (/usr/local/lib/node_modules/npm/node_modules/request/request.js:200:22)
39 verbose stack     at emitTwo (events.js:106:13)
39 verbose stack     at Request.emit (events.js:191:7)
39 verbose stack     at Request.<anonymous> (/usr/local/lib/node_modules/npm/node_modules/request/request.js:1067:10)
39 verbose stack     at emitOne (events.js:101:20)
39 verbose stack     at Request.emit (events.js:188:7)
39 verbose stack     at IncomingMessage.<anonymous> (/usr/local/lib/node_modules/npm/node_modules/request/request.js:988:12)
40 verbose statusCode 403
41 verbose pkgid universal-dom
42 verbose cwd /Users/nc/work/wires/universal-dom
43 error Darwin 15.0.0
44 error argv "/usr/local/bin/node" "/usr/local/bin/npm" "publish"
45 error node v6.7.0
46 error npm  v3.9.6
47 error code E403
48 error "You cannot publish over the previously published version 1.0.6." : universal-dom
49 error If you need help, you may report this error at:
49 error     <https://github.com/npm/npm/issues>
50 verbose exit [ 1, true ]
